<?xml version="1.0" encoding="UTF-8"?>
<!-- Generated by org.testng.reporters.JUnitReportReporter -->
<testsuite hostname="rahul" failures="0" tests="1" name="SwagLabTest.GoogleSearchTest" time="18.714" errors="0" timestamp="2023-11-16T23:11:58 IST" skipped="0">
  <testcase classname="SwagLabTest.GoogleSearchTest" name="EnterData" time="18.714"/>
  <system-out/>
</testsuite> <!-- SwagLabTest.GoogleSearchTest -->
