<?xml version="1.0" encoding="UTF-8"?>
<!-- Generated by org.testng.reporters.JUnitReportReporter -->
<testsuite hostname="rahul" failures="0" tests="3" name="SwagLabTest.SwagLabsDataProviderTest" time="13.294" errors="0" timestamp="2023-11-16T23:11:58 IST" skipped="0">
  <testcase classname="SwagLabTest.SwagLabsDataProviderTest" name="Test1" time="4.252"/>
  <system-out/>
  <testcase classname="SwagLabTest.SwagLabsDataProviderTest" name="Test1" time="4.782"/>
  <system-out/>
  <testcase classname="SwagLabTest.SwagLabsDataProviderTest" name="Test1" time="4.260"/>
  <system-out/>
</testsuite> <!-- SwagLabTest.SwagLabsDataProviderTest -->
