<?xml version="1.0" encoding="UTF-8"?>
<!-- Generated by org.testng.reporters.JUnitReportReporter -->
<testsuite hostname="rahul" failures="0" tests="1" name="SwagLabTest.FlipkartDemoTest" time="6.256" errors="0" timestamp="2023-11-15T08:07:21 IST" skipped="0">
  <testcase classname="SwagLabTest.FlipkartDemoTest" name="Select" time="6.256"/>
  <system-out/>
</testsuite> <!-- SwagLabTest.FlipkartDemoTest -->
