<?xml version="1.0" encoding="UTF-8"?>
<!-- Generated by org.testng.reporters.JUnitReportReporter -->
<testsuite hostname="rahul" failures="0" tests="1" name="SwagLabTest.AmazonDemoTest" time="4.963" errors="0" timestamp="2023-11-15T08:21:07 IST" skipped="0">
  <testcase classname="SwagLabTest.AmazonDemoTest" name="Select" time="4.963"/>
  <system-out/>
</testsuite> <!-- SwagLabTest.AmazonDemoTest -->
