<?xml version="1.0" encoding="UTF-8"?>
<!-- Generated by org.testng.reporters.JUnitReportReporter -->
<testsuite hostname="rahul" failures="0" tests="3" name="SwagLabTest.SwagLabsMuiltipleProductsTest" time="41.560" errors="0" timestamp="2023-11-16T23:11:58 IST" skipped="0">
  <testcase classname="SwagLabTest.SwagLabsMuiltipleProductsTest" name="Test" time="9.313"/>
  <system-out/>
  <testcase classname="SwagLabTest.SwagLabsMuiltipleProductsTest" name="Test" time="9.099"/>
  <system-out/>
  <testcase classname="SwagLabTest.SwagLabsMuiltipleProductsTest" name="Test" time="23.148"/>
  <system-out/>
</testsuite> <!-- SwagLabTest.SwagLabsMuiltipleProductsTest -->
