<?xml version="1.0" encoding="UTF-8"?>
<!-- Generated by org.testng.reporters.JUnitReportReporter -->
<testsuite hostname="rahul" failures="0" tests="1" name="SwagLabTest.SwagLabsOpenTest" time="31.215" errors="0" timestamp="2023-11-16T23:11:58 IST" skipped="0">
  <testcase classname="SwagLabTest.SwagLabsOpenTest" name="EnterData" time="31.215"/>
  <system-out/>
</testsuite> <!-- SwagLabTest.SwagLabsOpenTest -->
